<?xml version="1.0" encoding="UTF-8"?>
<!-- Generated by org.testng.reporters.JUnitReportReporter -->
<testsuite hostname="RYARRAGPF13G3GG" failures="1" tests="7" name="testscripts.TC03_Public_Search" time="19.240" errors="0" timestamp="2020-10-20T11:06:27 IST" skipped="5">
  <testcase classname="testscripts.TC03_Public_Search" name="QG_Login_Check" time="8.901"/>
  <system-out>
D2 PIMS Login page is displayed successfully.  </system-out>
  <testcase classname="testscripts.TC03_Public_Search" name="Public_Search_Expand_Search" time="10.339">
    <failure message="null" type="java.lang.AssertionError">
      <![CDATA[java.lang.AssertionError: null
at org.testng.Assert.fail(Assert.java:97)
at org.testng.Assert.fail(Assert.java:102)
at pageclasses.PIMSAppPage.Switch_To_Workspace(PIMSAppPage.java:246)
at testscripts.TC03_Public_Search.Public_Search_Expand_Search(TC03_Public_Search.java:51)
at java.base/jdk.internal.reflect.NativeMethodAccessorImpl.invoke0(Native Method)
at java.base/jdk.internal.reflect.NativeMethodAccessorImpl.invoke(NativeMethodAccessorImpl.java:62)
at java.base/jdk.internal.reflect.DelegatingMethodAccessorImpl.invoke(DelegatingMethodAccessorImpl.java:43)
at java.base/java.lang.reflect.Method.invoke(Method.java:566)
at org.testng.internal.MethodInvocationHelper.invokeMethod(MethodInvocationHelper.java:134)
at org.testng.internal.TestInvoker.invokeMethod(TestInvoker.java:597)
at org.testng.internal.TestInvoker.invokeTestMethod(TestInvoker.java:173)
at org.testng.internal.MethodRunner.runInSequence(MethodRunner.java:46)
at org.testng.internal.TestInvoker$MethodInvocationAgent.invoke(TestInvoker.java:816)
at org.testng.internal.TestInvoker.invokeTestMethods(TestInvoker.java:146)
at org.testng.internal.TestMethodWorker.invokeTestMethods(TestMethodWorker.java:146)
at org.testng.internal.TestMethodWorker.run(TestMethodWorker.java:128)
at java.base/java.util.ArrayList.forEach(ArrayList.java:1540)
at org.testng.TestRunner.privateRun(TestRunner.java:766)
at org.testng.TestRunner.run(TestRunner.java:587)
at org.testng.SuiteRunner.runTest(SuiteRunner.java:384)
at org.testng.SuiteRunner.runSequentially(SuiteRunner.java:378)
at org.testng.SuiteRunner.privateRun(SuiteRunner.java:337)
at org.testng.SuiteRunner.run(SuiteRunner.java:286)
at org.testng.SuiteRunnerWorker.runSuite(SuiteRunnerWorker.java:53)
at org.testng.SuiteRunnerWorker.run(SuiteRunnerWorker.java:96)
at org.testng.TestNG.runSuitesSequentially(TestNG.java:1187)
at org.testng.TestNG.runSuitesLocally(TestNG.java:1109)
at org.testng.TestNG.runSuites(TestNG.java:1039)
at org.testng.TestNG.run(TestNG.java:1007)
at org.testng.remote.AbstractRemoteTestNG.run(AbstractRemoteTestNG.java:115)
at org.testng.remote.RemoteTestNG.initAndRun(RemoteTestNG.java:251)
at org.testng.remote.RemoteTestNG.main(RemoteTestNG.java:77)
]]>
    </failure>
  </testcase> <!-- Public_Search_Expand_Search -->
  <system-out>
Failed to switch to required workspace.Exception is -->no such element: Unable to locate element: {"method":"xpath","selector":"//ul[@role='tablist']//li[contains(@tag_id,'Workspace-portalTab') and contains(@class,'x-tab-strip-active')]//span[contains(@class,'x-tab-strip-text')]"}
  (Session info: chrome=86.0.4240.75)
  (Driver info: chromedriver=2.38.552522 (437e6fbedfa8762dec75e2c5b3ddb86763dc9dcb),platform=Windows NT 10.0.18363 x86_64) (WARNING: The server did not provide any stacktrace information)
Command duration or timeout: 0 milliseconds
For documentation on this error, please visit: https://www.seleniumhq.org/exceptions/no_such_element.html
Build info: version: '3.141.59', revision: 'e82be7d358', time: '2018-11-14T08:25:53'
System info: host: 'RYARRAGPF13G3GG', ip: '10.96.217.53', os.name: 'Windows 10', os.arch: 'amd64', os.version: '10.0', java.version: '11.0.2'
Driver info: org.openqa.selenium.chrome.ChromeDriver
Capabilities {acceptInsecureCerts: false, acceptSslCerts: false, applicationCacheEnabled: false, browserConnectionEnabled: false, browserName: chrome, chrome: {chromedriverVersion: 2.38.552522 (437e6fbedfa876..., userDataDir: C:\Users\ryarrago\AppData\L...}, cssSelectorsEnabled: true, databaseEnabled: false, handlesAlerts: true, hasTouchScreen: false, javascriptEnabled: true, locationContextEnabled: true, mobileEmulationEnabled: false, nativeEvents: true, networkConnectionEnabled: false, pageLoadStrategy: normal, platform: XP, platformName: XP, rotatable: false, setWindowRect: true, takesHeapSnapshot: true, takesScreenshot: true, unexpectedAlertBehaviour: , unhandledPromptBehavior: , version: 86.0.4240.75, webStorageEnabled: true}
Session ID: 4fa294b04607b66a76466cb88f87c85d
*** Element info: {Using=xpath, value=//ul[@role='tablist']//li[contains(@tag_id,'Workspace-portalTab') and contains(@class,'x-tab-strip-active')]//span[contains(@class,'x-tab-strip-text')]} Failed to switch to required workspace --> DOCUMENT CONTROLLER WORKSPACE  </system-out>
  <testcase classname="testscripts.TC03_Public_Search" name="Public_Search_Correspondence">
    <skipped/>
  </testcase> <!-- Public_Search_Correspondence -->
  <system-out/>
  <testcase classname="testscripts.TC03_Public_Search" name="Public_Search_Transmittals">
    <skipped/>
  </testcase> <!-- Public_Search_Transmittals -->
  <system-out/>
  <testcase classname="testscripts.TC03_Public_Search" name="Public_Search_Engineering_Deliverables">
    <skipped/>
  </testcase> <!-- Public_Search_Engineering_Deliverables -->
  <system-out/>
  <testcase classname="testscripts.TC03_Public_Search" name="Public_Search_Project_Deliverables">
    <skipped/>
  </testcase> <!-- Public_Search_Project_Deliverables -->
  <system-out/>
  <testcase classname="testscripts.TC03_Public_Search" name="Public_Search_Document_Control">
    <skipped/>
  </testcase> <!-- Public_Search_Document_Control -->
  <system-out/>
</testsuite> <!-- testscripts.TC03_Public_Search -->
