<?xml version="1.0" encoding="UTF-8"?>
<!-- Generated by org.testng.reporters.JUnitReportReporter -->
<testsuite hostname="RYARRAGPF13G3GG" failures="0" tests="4" name="testscripts.Health_Check" time="1.503" errors="1" timestamp="2021-03-11T11:32:59 IST" skipped="3">
  <testcase classname="testscripts.Health_Check" name="Launch_Gmail" time="0.000">
    <skipped/>
  </testcase> <!-- Launch_Gmail -->
  <system-out/>
  <testcase classname="testscripts.Health_Check" name="launch_browser" time="1.503">
    <error message="session not created: This version of MSEdgeDriver only supports MSEdge version 83
Build info: version: &#039;3.141.59&#039;, revision: &#039;e82be7d358&#039;, time: &#039;2018-11-14T08:25:53&#039;
System info: host: &#039;RYARRAGPF13G3GG&#039;, ip: &#039;10.96.210.82&#039;, os.name: &#039;Windows 10&#039;, os.arch: &#039;amd64&#039;, os.version: &#039;10.0&#039;, java.version: &#039;11.0.2&#039;
Driver info: driver.version: EdgeDriver
remote stacktrace: Backtrace:
	Ordinal0 [0x00007FF703B01BD2+3414994]
	Ordinal0 [0x00007FF7039D75B2+2192818]
	Ordinal0 [0x00007FF70387478F+739215]
	Ordinal0 [0x00007FF7037D8482+99458]
	Ordinal0 [0x00007FF7037D42BD+82621]
	Ordinal0 [0x00007FF7037D1272+70258]
	Ordinal0 [0x00007FF7038007CB+264139]
	Ordinal0 [0x00007FF7037FD68F+251535]
	Ordinal0 [0x00007FF7037DA663+108131]
	Ordinal0 [0x00007FF7037DB9CE+113102]
	Ordinal0 [0x00007FF7039F24F1+2303217]
	GetHandleVerifier [0x00007FF703C7E584+1425860]
	GetHandleVerifier [0x00007FF703C7E34A+1425290]
	GetHandleVerifier [0x00007FF703C96301+1523521]
	GetHandleVerifier [0x00007FF703C7EB9B+1427419]
	Ordinal0 [0x00007FF7039E8797+2262935]
	Ordinal0 [0x00007FF7039F3ECA+2309834]
	Ordinal0 [0x00007FF703A120C8+2433224]
	BaseThreadInitThunk [0x00007FF86F207C24+20]
	RtlUserThreadStart [0x00007FF86FB0D4D1+33]
" type="org.openqa.selenium.SessionNotCreatedException">
      <![CDATA[org.openqa.selenium.SessionNotCreatedException: session not created: This version of MSEdgeDriver only supports MSEdge version 83
Build info: version: '3.141.59', revision: 'e82be7d358', time: '2018-11-14T08:25:53'
System info: host: 'RYARRAGPF13G3GG', ip: '10.96.210.82', os.name: 'Windows 10', os.arch: 'amd64', os.version: '10.0', java.version: '11.0.2'
Driver info: driver.version: EdgeDriver
remote stacktrace: Backtrace:
Ordinal0 [0x00007FF703B01BD2+3414994]
Ordinal0 [0x00007FF7039D75B2+2192818]
Ordinal0 [0x00007FF70387478F+739215]
Ordinal0 [0x00007FF7037D8482+99458]
Ordinal0 [0x00007FF7037D42BD+82621]
Ordinal0 [0x00007FF7037D1272+70258]
Ordinal0 [0x00007FF7038007CB+264139]
Ordinal0 [0x00007FF7037FD68F+251535]
Ordinal0 [0x00007FF7037DA663+108131]
Ordinal0 [0x00007FF7037DB9CE+113102]
Ordinal0 [0x00007FF7039F24F1+2303217]
GetHandleVerifier [0x00007FF703C7E584+1425860]
GetHandleVerifier [0x00007FF703C7E34A+1425290]
GetHandleVerifier [0x00007FF703C96301+1523521]
GetHandleVerifier [0x00007FF703C7EB9B+1427419]
Ordinal0 [0x00007FF7039E8797+2262935]
Ordinal0 [0x00007FF7039F3ECA+2309834]
Ordinal0 [0x00007FF703A120C8+2433224]
BaseThreadInitThunk [0x00007FF86F207C24+20]
RtlUserThreadStart [0x00007FF86FB0D4D1+33]

at java.base/jdk.internal.reflect.NativeConstructorAccessorImpl.newInstance0(Native Method)
at java.base/jdk.internal.reflect.NativeConstructorAccessorImpl.newInstance(NativeConstructorAccessorImpl.java:62)
at java.base/jdk.internal.reflect.DelegatingConstructorAccessorImpl.newInstance(DelegatingConstructorAccessorImpl.java:45)
at java.base/java.lang.reflect.Constructor.newInstance(Constructor.java:490)
at org.openqa.selenium.remote.W3CHandshakeResponse.lambda$errorHandler$0(W3CHandshakeResponse.java:62)
at org.openqa.selenium.remote.HandshakeResponse.lambda$getResponseFunction$0(HandshakeResponse.java:30)
at org.openqa.selenium.remote.ProtocolHandshake.lambda$createSession$0(ProtocolHandshake.java:126)
at java.base/java.util.stream.ReferencePipeline$3$1.accept(ReferencePipeline.java:195)
at java.base/java.util.Spliterators$ArraySpliterator.tryAdvance(Spliterators.java:958)
at java.base/java.util.stream.ReferencePipeline.forEachWithCancel(ReferencePipeline.java:127)
at java.base/java.util.stream.AbstractPipeline.copyIntoWithCancel(AbstractPipeline.java:502)
at java.base/java.util.stream.AbstractPipeline.copyInto(AbstractPipeline.java:488)
at java.base/java.util.stream.AbstractPipeline.wrapAndCopyInto(AbstractPipeline.java:474)
at java.base/java.util.stream.FindOps$FindOp.evaluateSequential(FindOps.java:150)
at java.base/java.util.stream.AbstractPipeline.evaluate(AbstractPipeline.java:234)
at java.base/java.util.stream.ReferencePipeline.findFirst(ReferencePipeline.java:543)
at org.openqa.selenium.remote.ProtocolHandshake.createSession(ProtocolHandshake.java:128)
at org.openqa.selenium.remote.ProtocolHandshake.createSession(ProtocolHandshake.java:74)
at org.openqa.selenium.remote.HttpCommandExecutor.execute(HttpCommandExecutor.java:136)
at org.openqa.selenium.remote.service.DriverCommandExecutor.execute(DriverCommandExecutor.java:83)
at org.openqa.selenium.remote.RemoteWebDriver.execute(RemoteWebDriver.java:552)
at org.openqa.selenium.remote.RemoteWebDriver.startSession(RemoteWebDriver.java:213)
at org.openqa.selenium.remote.RemoteWebDriver.<init>(RemoteWebDriver.java:131)
at org.openqa.selenium.edge.EdgeDriver.<init>(EdgeDriver.java:141)
at org.openqa.selenium.edge.EdgeDriver.<init>(EdgeDriver.java:96)
at utilities.webdriverMethods.launch_browser(webdriverMethods.java:81)
at pageclasses.CommonToAllTests.launch_browser(CommonToAllTests.java:141)
at java.base/jdk.internal.reflect.NativeMethodAccessorImpl.invoke0(Native Method)
at java.base/jdk.internal.reflect.NativeMethodAccessorImpl.invoke(NativeMethodAccessorImpl.java:62)
at java.base/jdk.internal.reflect.DelegatingMethodAccessorImpl.invoke(DelegatingMethodAccessorImpl.java:43)
at java.base/java.lang.reflect.Method.invoke(Method.java:566)
at org.testng.internal.MethodInvocationHelper.invokeMethod(MethodInvocationHelper.java:134)
at org.testng.internal.MethodInvocationHelper.invokeMethodConsideringTimeout(MethodInvocationHelper.java:63)
at org.testng.internal.ConfigInvoker.invokeConfigurationMethod(ConfigInvoker.java:348)
at org.testng.internal.ConfigInvoker.invokeConfigurations(ConfigInvoker.java:302)
at org.testng.TestRunner.invokeTestConfigurations(TestRunner.java:619)
at org.testng.TestRunner.beforeRun(TestRunner.java:609)
at org.testng.TestRunner.run(TestRunner.java:580)
at org.testng.SuiteRunner.runTest(SuiteRunner.java:384)
at org.testng.SuiteRunner.runSequentially(SuiteRunner.java:378)
at org.testng.SuiteRunner.privateRun(SuiteRunner.java:337)
at org.testng.SuiteRunner.run(SuiteRunner.java:286)
at org.testng.SuiteRunnerWorker.runSuite(SuiteRunnerWorker.java:53)
at org.testng.SuiteRunnerWorker.run(SuiteRunnerWorker.java:96)
at org.testng.TestNG.runSuitesSequentially(TestNG.java:1187)
at org.testng.TestNG.runSuitesLocally(TestNG.java:1109)
at org.testng.TestNG.runSuites(TestNG.java:1039)
at org.testng.TestNG.run(TestNG.java:1007)
at org.testng.remote.AbstractRemoteTestNG.run(AbstractRemoteTestNG.java:115)
at org.testng.remote.RemoteTestNG.initAndRun(RemoteTestNG.java:251)
at org.testng.remote.RemoteTestNG.main(RemoteTestNG.java:77)
]]>
    </error>
  </testcase> <!-- launch_browser -->
  <system-out/>
  <testcase classname="testscripts.Health_Check" name="Launch_Youtube">
    <skipped/>
  </testcase> <!-- Launch_Youtube -->
  <system-out/>
  <testcase classname="testscripts.Health_Check" name="Launch_Google_Maps">
    <skipped/>
  </testcase> <!-- Launch_Google_Maps -->
  <system-out/>
</testsuite> <!-- testscripts.Health_Check -->
